<?xml version="1.0" encoding="UTF-8" ?>
<testsuite tests="1" failures="0" name="io.pivotal.pccpizza.controller.PizzaOrderControllerTest" time="0" errors="0" skipped="1">
  <properties>
    <property name="java.runtime.name" value="Java(TM) SE Runtime Environment"/>
    <property name="sun.boot.library.path" value="C:\app\java\jdk8\jdk1.8.0_121-x86\jre\bin"/>
    <property name="java.vm.version" value="25.121-b13"/>
    <property name="java.vm.vendor" value="Oracle Corporation"/>
    <property name="maven.multiModuleProjectDirectory" value="C:/Users/dir3145/IdeaProjects/PCF/cf-gemfire-connector-examples"/>
    <property name="java.vendor.url" value="http://java.oracle.com/"/>
    <property name="path.separator" value=";"/>
    <property name="guice.disable.misplaced.annotation.check" value="true"/>
    <property name="java.vm.name" value="Java HotSpot(TM) Client VM"/>
    <property name="file.encoding.pkg" value="sun.io"/>
    <property name="user.script" value=""/>
    <property name="user.country" value="CA"/>
    <property name="sun.java.launcher" value="SUN_STANDARD"/>
    <property name="sun.os.patch.level" value="Service Pack 1"/>
    <property name="java.vm.specification.name" value="Java Virtual Machine Specification"/>
    <property name="user.dir" value="C:\Users\dir3145\IdeaProjects\PCF\cf-gemfire-connector-examples"/>
    <property name="java.runtime.version" value="1.8.0_121-b13"/>
    <property name="java.awt.graphicsenv" value="sun.awt.Win32GraphicsEnvironment"/>
    <property name="java.endorsed.dirs" value="C:\app\java\jdk8\jdk1.8.0_121-x86\jre\lib\endorsed"/>
    <property name="os.arch" value="x86"/>
    <property name="java.io.tmpdir" value="C:\Users\dir3145\AppData\Local\Temp\1\"/>
    <property name="line.separator" value="
"/>
    <property name="java.vm.specification.vendor" value="Oracle Corporation"/>
    <property name="user.variant" value=""/>
    <property name="os.name" value="Windows 7"/>
    <property name="classworlds.conf" value="C:/app/apache-maven-3.5.4/bin/m2.conf"/>
    <property name="sun.jnu.encoding" value="Cp1252"/>
    <property name="java.library.path" value="C:\app\java\jdk8\jdk1.8.0_121-x86\bin;C:\WINDOWS\Sun\Java\bin;C:\WINDOWS\system32;C:\WINDOWS;C:\app\cmder\vendor\git-for-windows\mingw64\bin;C:\app\cmder\vendor\git-for-windows\usr\bin;C:\Users\dir3145\bin;C:\WINDOWS\system32;C:\WINDOWS;C:\WINDOWS\System32\Wbem;C:\WINDOWS\System32\WindowsPowerShell\v1.0;C:\Program Files (x86)\IBM\Lotus\Notes;C:\NotesSQL;C:\WINDOWS\System32\WindowsPowerShell\v1.0;C:\Program Files (x86)\GTD Outils;C:\Program Files (x86)\Microsoft Application Virtualization Client;C:\WINDOWS\System32\WindowsPowerShell\v1.0;C:\Program Files (x86)\Druide\Antidote 9\Application\Bin64;C:\Program Files (x86)\Druide\Antidote 9\Application\Bin32;C:\ProgramData\chocolatey\bin;C:\Program Files\PuTTY;C:\WINDOWS\system32;C:\WINDOWS;C:\WINDOWS\System32\Wbem;C:\WINDOWS\System32\WindowsPowerShell\v1.0;C:\Program Files (x86)\IBM\Lotus\Notes;C:\NotesSQL;C:\WINDOWS\System32\WindowsPowerShell\v1.0;C:\Program Files (x86)\GTD Outils;C:\Program Files (x86)\Microsoft Application Virtualization Client;C:\WINDOWS\System32\WindowsPowerShell\v1.0;C:\Program Files (x86)\Druide\Antidote 9\Application\Bin64;C:\Program Files (x86)\Druide\Antidote 9\Application\Bin32;C:\WINDOWS\system32;C:\WINDOWS;C:\WINDOWS\System32\Wbem;C:\WINDOWS\System32\WindowsPowerShell\v1.0;C:\Program Files (x86)\IBM\Lotus\Notes;C:\NotesSQL;C:\WINDOWS\System32\WindowsPowerShell\v1.0;C:\Program Files (x86)\GTD Outils;C:\Program Files (x86)\Microsoft Application Virtualization Client;C:\WINDOWS\System32\WindowsPowerShell\v1.0;C:\Program Files (x86)\Druide\Antidote 9\Application\Bin64;C:\Program Files (x86)\Druide\Antidote 9\Application\Bin32;C:\Users\Administrateur\AppD;C:\app\gradle-2.4\bin;C:\app\apache-maven-3.5.4\bin;C:\app\cf\CloudFoundry;C:\app\fly;C:\app\vault;C:\app\java\jdk8\jdk1.8.0_121-x86\bin;."/>
    <property name="maven.conf" value="C:/app/apache-maven-3.5.4/conf"/>
    <property name="javax.net.ssl.trustStore" value="C:\N3\keystoreSIPL\CertsKeystore"/>
    <property name="java.specification.name" value="Java Platform API Specification"/>
    <property name="java.class.version" value="52.0"/>
    <property name="sun.management.compiler" value="HotSpot Client Compiler"/>
    <property name="os.version" value="6.1"/>
    <property name="library.jansi.path" value="C:/app/apache-maven-3.5.4/lib/jansi-native"/>
    <property name="user.home" value="C:\Users\dir3145"/>
    <property name="user.timezone" value="America/New_York"/>
    <property name="java.awt.printerjob" value="sun.awt.windows.WPrinterJob"/>
    <property name="java.specification.version" value="1.8"/>
    <property name="file.encoding" value="UTF-8"/>
    <property name="user.name" value="dir3145"/>
    <property name="java.class.path" value="C:/app/apache-maven-3.5.4/boot/plexus-classworlds-2.5.2.jar"/>
    <property name="java.vm.specification.version" value="1.8"/>
    <property name="sun.arch.data.model" value="32"/>
    <property name="java.home" value="C:\app\java\jdk8\jdk1.8.0_121-x86\jre"/>
    <property name="sun.java.command" value="org.codehaus.plexus.classworlds.launcher.Launcher clean install -U"/>
    <property name="java.specification.vendor" value="Oracle Corporation"/>
    <property name="user.language" value="fr"/>
    <property name="awt.toolkit" value="sun.awt.windows.WToolkit"/>
    <property name="java.vm.info" value="mixed mode"/>
    <property name="java.version" value="1.8.0_121"/>
    <property name="java.ext.dirs" value="C:\app\java\jdk8\jdk1.8.0_121-x86\jre\lib\ext;C:\WINDOWS\Sun\Java\lib\ext"/>
    <property name="sun.boot.class.path" value="C:\app\java\jdk8\jdk1.8.0_121-x86\jre\lib\resources.jar;C:\app\java\jdk8\jdk1.8.0_121-x86\jre\lib\rt.jar;C:\app\java\jdk8\jdk1.8.0_121-x86\jre\lib\sunrsasign.jar;C:\app\java\jdk8\jdk1.8.0_121-x86\jre\lib\jsse.jar;C:\app\java\jdk8\jdk1.8.0_121-x86\jre\lib\jce.jar;C:\app\java\jdk8\jdk1.8.0_121-x86\jre\lib\charsets.jar;C:\app\java\jdk8\jdk1.8.0_121-x86\jre\lib\jfr.jar;C:\app\java\jdk8\jdk1.8.0_121-x86\jre\classes"/>
    <property name="sun.stderr.encoding" value="cp850"/>
    <property name="java.vendor" value="Oracle Corporation"/>
    <property name="maven.home" value="C:\app\apache-maven-3.5.4"/>
    <property name="file.separator" value="\"/>
    <property name="java.vendor.url.bug" value="http://bugreport.sun.com/bugreport/"/>
    <property name="sun.cpu.endian" value="little"/>
    <property name="sun.io.unicode.encoding" value="UnicodeLittle"/>
    <property name="sun.stdout.encoding" value="cp850"/>
    <property name="sun.desktop" value="windows"/>
    <property name="sun.cpu.isalist" value="pentium_pro+mmx pentium_pro pentium+mmx pentium i486 i386 i86"/>
  </properties>
  <testcase classname="io.pivotal.pccpizza.controller.PizzaOrderControllerTest" name="io.pivotal.pccpizza.controller.PizzaOrderControllerTest" time="0">
    <skipped/>
  </testcase>
</testsuite>